2018-10-22 14:34:36.141  INFO Alexander --- [  restartedMain] c.b.k.SpringKafkaProducerApplication     : Starting SpringKafkaProducerApplication on Alexander with PID 12368 (C:\Project\spring\spring-kafka\spring-kafka-producer\target\classes started by czetsuya in C:\Project\spring\spring-kafka\spring-kafka-producer)
2018-10-22 14:34:36.147  INFO Alexander --- [  restartedMain] c.b.k.SpringKafkaProducerApplication     : No active profile set, falling back to default profiles: default
2018-10-22 14:34:36.299  INFO Alexander --- [  restartedMain] ConfigServletWebServerApplicationContext : Refreshing org.springframework.boot.web.servlet.context.AnnotationConfigServletWebServerApplicationContext@151e87dd: startup date [Mon Oct 22 14:34:36 SGT 2018]; root of context hierarchy
2018-10-22 14:34:36.968  INFO Alexander --- [  restartedMain] trationDelegate$BeanPostProcessorChecker : Bean 'org.springframework.kafka.annotation.KafkaBootstrapConfiguration' of type [org.springframework.kafka.annotation.KafkaBootstrapConfiguration$$EnhancerBySpringCGLIB$$2c4a7d35] is not eligible for getting processed by all BeanPostProcessors (for example: not eligible for auto-proxying)
2018-10-22 14:34:37.319  INFO Alexander --- [  restartedMain] o.s.b.w.e.t.TomcatWebServer              : Tomcat initialized with port(s): 8001 (http)
2018-10-22 14:34:37.330  INFO Alexander --- [  restartedMain] o.a.c.h.Http11NioProtocol                : Initializing ProtocolHandler ["http-nio-8001"]
2018-10-22 14:34:37.337  INFO Alexander --- [  restartedMain] o.a.c.c.StandardService                  : Starting service [Tomcat]
2018-10-22 14:34:37.338  INFO Alexander --- [  restartedMain] o.a.c.c.StandardEngine                   : Starting Servlet Engine: Apache Tomcat/8.5.34
2018-10-22 14:34:37.342  INFO Alexander --- [ost-startStop-1] o.a.c.c.AprLifecycleListener             : The APR based Apache Tomcat Native library which allows optimal performance in production environments was not found on the java.library.path: [C:\Java\jdk\1.8\bin;C:\WINDOWS\Sun\Java\bin;C:\WINDOWS\system32;C:\WINDOWS;C:/Java/jdk/1.8/bin/../jre/bin/server;C:/Java/jdk/1.8/bin/../jre/bin;C:/Java/jdk/1.8/bin/../jre/lib/amd64;C:\Program Files\Docker\Docker\Resources\bin;C:\Program Files\Microsoft MPI\Bin\;C:\Program Files (x86)\Intel\iCLS Client\;C:\Program Files\Intel\iCLS Client\;C:\Windows\system32;C:\Windows;C:\Windows\System32\Wbem;C:\Windows\System32\WindowsPowerShell\v1.0\;C:\Program Files (x86)\NVIDIA Corporation\PhysX\Common;C:\Program Files (x86)\Intel\Intel(R) Management Engine Components\DAL;C:\Program Files\Intel\Intel(R) Management Engine Components\DAL;C:\Program Files (x86)\Intel\Intel(R) Management Engine Components\IPT;C:\Program Files\Intel\Intel(R) Management Engine Components\IPT;C:\Program Files\Intel\WiFi\bin\;C:\Program Files\Common Files\Intel\WirelessCommon\;C:\Program Files\Git\cmd;C:\Program Files\Git\mingw64\bin;C:\Program Files\Git\usr\bin;C:\Program Files\MySQL\MySQL Utilities 1.6\;C:\Program Files\OpenVPN\bin;C:\Program Files (x86)\Skype\Phone\;C:\WINDOWS\system32\config\systemprofile\.dnx\bin;C:\Program Files\Microsoft DNX\Dnvm\;C:\Program Files\Microsoft SQL Server\120\Tools\Binn\;C:\Program Files\Microsoft SQL Server\130\Tools\Binn\;C:\Program Files (x86)\Microsoft SQL Server\Client SDK\ODBC\130\Tools\Binn\;C:\Program Files (x86)\Microsoft SQL Server\130\Tools\Binn\;C:\Program Files (x86)\Microsoft SQL Server\130\DTS\Binn\;C:\Program Files (x86)\Microsoft SQL Server\130\Tools\Binn\ManagementStudio\;%AppData%\npm;C:\Program Files\nodejs\;C:\WINDOWS\system32;C:\WINDOWS;C:\WINDOWS\System32\Wbem;C:\WINDOWS\System32\WindowsPowerShell\v1.0\;C:\WINDOWS\System32\OpenSSH\;C:\Program Files (x86)\Microsoft VS Code\bin;C:\Program Files\TortoiseGit\bin;C:\Program Files (x86)\Microsoft SQL Server\150\DTS\Binn\;C:\Program Files\Microsoft SQL Server\Client SDK\ODBC\130\Tools\Binn\;C:\Program Files\Microsoft SQL Server\130\DTS\Binn\;C:\Program Files\TortoiseSVN\bin;C:\Program Files (x86)\sbt\bin;C:\Python27\Scripts\;C:\Python27;C:\Users\czetsuya\AppData\Local\Microsoft\WindowsApps;C:\Program Files (x86)\Microsoft VS Code\bin;C:\Apache\maven-3.5.2\bin;C:\Java\elk\logstash-6.2.3\bin;C:\Java\elk\kibana-6.2.3-windows-x86_64\bin;C:\Java\elk\elasticsearch-6.2.3\bin;C:\Users\czetsuya\AppData\Roaming\npm;C:\Users\czetsuya\AppData\Roaming\npm;D:\Apache\hadoop-3.1.1\bin;C:\Python27\bin;D:\Apache\apache-cassandra-3.11.2\bin;C:\Users\czetsuya\AppData\Local\Programs\Microsoft VS Code\bin;D:\Apache\hadoop-3.1.1\bin;D:\Apache\flink-1.6.0\bin;D:\tools;C:\Java\jdk\1.8\bin;D:\Apache\kafka_2.12-2.0.0\bin\windows;C:\Java\eclipse\sts-bundle\sts-3.9.5.RELEASE;;.]
2018-10-22 14:34:37.399  INFO Alexander --- [ost-startStop-1] o.a.c.c.C.[.[.[/]                        : Initializing Spring embedded WebApplicationContext
2018-10-22 14:34:37.399  INFO Alexander --- [ost-startStop-1] o.s.w.c.ContextLoader                    : Root WebApplicationContext: initialization completed in 1103 ms
2018-10-22 14:34:37.458  INFO Alexander --- [ost-startStop-1] o.s.b.w.s.ServletRegistrationBean        : Servlet dispatcherServlet mapped to [/]
2018-10-22 14:34:37.461  INFO Alexander --- [ost-startStop-1] o.s.b.w.s.FilterRegistrationBean         : Mapping filter: 'characterEncodingFilter' to: [/*]
2018-10-22 14:34:37.461  INFO Alexander --- [ost-startStop-1] o.s.b.w.s.FilterRegistrationBean         : Mapping filter: 'hiddenHttpMethodFilter' to: [/*]
2018-10-22 14:34:37.461  INFO Alexander --- [ost-startStop-1] o.s.b.w.s.FilterRegistrationBean         : Mapping filter: 'httpPutFormContentFilter' to: [/*]
2018-10-22 14:34:37.461  INFO Alexander --- [ost-startStop-1] o.s.b.w.s.FilterRegistrationBean         : Mapping filter: 'requestContextFilter' to: [/*]
2018-10-22 14:34:37.553  INFO Alexander --- [  restartedMain] o.s.w.s.h.SimpleUrlHandlerMapping        : Mapped URL path [/**/favicon.ico] onto handler of type [class org.springframework.web.servlet.resource.ResourceHttpRequestHandler]
2018-10-22 14:34:37.708  INFO Alexander --- [  restartedMain] s.w.s.m.m.a.RequestMappingHandlerAdapter : Looking for @ControllerAdvice: org.springframework.boot.web.servlet.context.AnnotationConfigServletWebServerApplicationContext@151e87dd: startup date [Mon Oct 22 14:34:36 SGT 2018]; root of context hierarchy
2018-10-22 14:34:37.753  INFO Alexander --- [  restartedMain] s.w.s.m.m.a.RequestMappingHandlerMapping : Mapped "{[/error]}" onto public org.springframework.http.ResponseEntity<java.util.Map<java.lang.String, java.lang.Object>> org.springframework.boot.autoconfigure.web.servlet.error.BasicErrorController.error(javax.servlet.http.HttpServletRequest)
2018-10-22 14:34:37.754  INFO Alexander --- [  restartedMain] s.w.s.m.m.a.RequestMappingHandlerMapping : Mapped "{[/error],produces=[text/html]}" onto public org.springframework.web.servlet.ModelAndView org.springframework.boot.autoconfigure.web.servlet.error.BasicErrorController.errorHtml(javax.servlet.http.HttpServletRequest,javax.servlet.http.HttpServletResponse)
2018-10-22 14:34:37.776  INFO Alexander --- [  restartedMain] o.s.w.s.h.SimpleUrlHandlerMapping        : Mapped URL path [/webjars/**] onto handler of type [class org.springframework.web.servlet.resource.ResourceHttpRequestHandler]
2018-10-22 14:34:37.776  INFO Alexander --- [  restartedMain] o.s.w.s.h.SimpleUrlHandlerMapping        : Mapped URL path [/**] onto handler of type [class org.springframework.web.servlet.resource.ResourceHttpRequestHandler]
2018-10-22 14:34:37.970  INFO Alexander --- [  restartedMain] o.s.b.d.a.OptionalLiveReloadServer       : LiveReload server is running on port 35729
2018-10-22 14:34:37.994  INFO Alexander --- [  restartedMain] o.s.j.e.a.AnnotationMBeanExporter        : Registering beans for JMX exposure on startup
2018-10-22 14:34:38.094  INFO Alexander --- [  restartedMain] o.s.c.s.DefaultLifecycleProcessor        : Starting beans in phase 2147483547
2018-10-22 14:34:38.101  INFO Alexander --- [  restartedMain] o.a.c.h.Http11NioProtocol                : Starting ProtocolHandler ["http-nio-8001"]
2018-10-22 14:34:38.110  INFO Alexander --- [  restartedMain] o.a.t.u.n.NioSelectorPool                : Using a shared selector for servlet write/read
2018-10-22 14:34:38.121  INFO Alexander --- [  restartedMain] o.s.b.w.e.t.TomcatWebServer              : Tomcat started on port(s): 8001 (http) with context path ''
2018-10-22 14:34:38.125  INFO Alexander --- [  restartedMain] c.b.k.SpringKafkaProducerApplication     : Started SpringKafkaProducerApplication in 2.264 seconds (JVM running for 3.531)
2018-10-22 14:34:38.126  INFO Alexander --- [  restartedMain] c.b.k.SpringKafkaProducerApplication     : Info log
2018-10-22 14:34:38.126  WARN Alexander --- [  restartedMain] c.b.k.SpringKafkaProducerApplication     : Hey, This is a warning!
2018-10-22 14:34:38.126 ERROR Alexander --- [  restartedMain] c.b.k.SpringKafkaProducerApplication     : Oops! We have an Error. OK
2018-10-22 16:31:53.552  INFO Alexander --- [on(2)-127.0.0.1] inMXBeanRegistrar$SpringApplicationAdmin : Application shutdown requested.
2018-10-22 16:31:53.553  INFO Alexander --- [on(2)-127.0.0.1] ConfigServletWebServerApplicationContext : Closing org.springframework.boot.web.servlet.context.AnnotationConfigServletWebServerApplicationContext@151e87dd: startup date [Mon Oct 22 14:34:36 SGT 2018]; root of context hierarchy
2018-10-22 16:31:53.556  INFO Alexander --- [on(2)-127.0.0.1] o.s.c.s.DefaultLifecycleProcessor        : Stopping beans in phase 2147483547
2018-10-22 16:31:53.557  INFO Alexander --- [on(2)-127.0.0.1] o.s.c.s.DefaultLifecycleProcessor        : Stopping beans in phase 0
2018-10-22 16:31:53.558  INFO Alexander --- [on(2)-127.0.0.1] o.s.j.e.a.AnnotationMBeanExporter        : Unregistering JMX-exposed beans on shutdown
